0 info it worked if it ends with ok
1 verbose cli [ '/home/jialin/.nvm/versions/node/v6.11.1/bin/node',
1 verbose cli   '/home/jialin/.nvm/versions/node/v6.11.1/bin/npm',
1 verbose cli   'run',
1 verbose cli   'pub' ]
2 info using npm@3.10.10
3 info using node@v6.11.1
4 verbose run-script [ 'prepub', 'pub', 'postpub' ]
5 info lifecycle react-website@1.0.0~prepub: react-website@1.0.0
6 silly lifecycle react-website@1.0.0~prepub: no script for prepub, continuing
7 info lifecycle react-website@1.0.0~pub: react-website@1.0.0
8 verbose lifecycle react-website@1.0.0~pub: unsafe-perm in lifecycle true
9 verbose lifecycle react-website@1.0.0~pub: PATH: /home/jialin/.nvm/versions/node/v6.11.1/lib/node_modules/npm/bin/node-gyp-bin:/home/jialin/web/react/fish444556/ReactWebsite/node_modules/.bin:/home/jialin/.nvm/versions/node/v6.11.1/bin:~/Android/Sdk/tools:~/Android/Sdk/platform-tools:/usr/local/sbin:/usr/local/bin:/usr/sbin:/usr/bin:/sbin:/bin:/usr/games:/usr/local/games:/usr/lib/jvm/java-8-oracle/bin:/usr/lib/jvm/java-8-oracle/db/bin:/usr/lib/jvm/java-8-oracle/jre/bin
10 verbose lifecycle react-website@1.0.0~pub: CWD: /home/jialin/web/react/fish444556/ReactWebsite
11 silly lifecycle react-website@1.0.0~pub: Args: [ '-c',
11 silly lifecycle   'rimraf dist/* && webpack --config webpack.pub.config.js -p' ]
12 silly lifecycle react-website@1.0.0~pub: Returned: code: 2  signal: null
13 info lifecycle react-website@1.0.0~pub: Failed to exec pub script
14 verbose stack Error: react-website@1.0.0 pub: `rimraf dist/* && webpack --config webpack.pub.config.js -p`
14 verbose stack Exit status 2
14 verbose stack     at EventEmitter.<anonymous> (/home/jialin/.nvm/versions/node/v6.11.1/lib/node_modules/npm/lib/utils/lifecycle.js:255:16)
14 verbose stack     at emitTwo (events.js:106:13)
14 verbose stack     at EventEmitter.emit (events.js:191:7)
14 verbose stack     at ChildProcess.<anonymous> (/home/jialin/.nvm/versions/node/v6.11.1/lib/node_modules/npm/lib/utils/spawn.js:40:14)
14 verbose stack     at emitTwo (events.js:106:13)
14 verbose stack     at ChildProcess.emit (events.js:191:7)
14 verbose stack     at maybeClose (internal/child_process.js:891:16)
14 verbose stack     at Process.ChildProcess._handle.onexit (internal/child_process.js:226:5)
15 verbose pkgid react-website@1.0.0
16 verbose cwd /home/jialin/web/react/fish444556/ReactWebsite
17 error Linux 4.4.0-75-generic
18 error argv "/home/jialin/.nvm/versions/node/v6.11.1/bin/node" "/home/jialin/.nvm/versions/node/v6.11.1/bin/npm" "run" "pub"
19 error node v6.11.1
20 error npm  v3.10.10
21 error code ELIFECYCLE
22 error react-website@1.0.0 pub: `rimraf dist/* && webpack --config webpack.pub.config.js -p`
22 error Exit status 2
23 error Failed at the react-website@1.0.0 pub script 'rimraf dist/* && webpack --config webpack.pub.config.js -p'.
23 error Make sure you have the latest version of node.js and npm installed.
23 error If you do, this is most likely a problem with the react-website package,
23 error not with npm itself.
23 error Tell the author that this fails on your system:
23 error     rimraf dist/* && webpack --config webpack.pub.config.js -p
23 error You can get information on how to open an issue for this project with:
23 error     npm bugs react-website
23 error Or if that isn't available, you can get their info via:
23 error     npm owner ls react-website
23 error There is likely additional logging output above.
24 verbose exit [ 1, true ]
